# Author: Roy Shea (royshea@gmail.com)
# Date:  6/1/09

# Ensure the correct enviornment exists
ifndef LISDIR
$(error Must set envioronment LISDIR to point to the root of your LIS installation.  This is probably something like $$HOME/lis/lis-core)
endif

LIS = $(LISDIR)/lis/lis
INCLUDES += -I $(LISDIR)/bitlog
LIBS += -L $(LISDIR)/bitlog -l bitlog

ifndef $(LISFILE)
LISFILE = default.lis
endif

SOURCES += send_log.c
PREPROCS = $(SOURCES:.c=.i)

.PRECIOUS: %.lis.c

%.i: %.c
	$(CPP) $(INCLUDES) $< -o $@

$(LISGOAL).i: $(PREPROCS)
	cat $^ > $@

$(LISGOAL).c: $(LISGOAL).i
	@echo "Be sure to inculed bitlog.h and link in the bitlog library"
	$(LIS) --lis $(LISFILE) --rlis $(LISFILE).rlis --out tmp.lisi $<
	sed -e '/extern void HOLDER_FUNC(char const   \*msg ) ;/d' < tmp.lisi > tmp.include
	sed -e 's/HOLDER_FUNC("\(.*\) \(.*\)");/bitlog_write_data(\1, \2);/' < tmp.include > tmp.bitlog
	cp tmp.bitlog $@
	rm tmp.bitlog tmp.include tmp.lisi

$(LISGOAL).o: $(LISGOAL).c
	$(CC) -c $(CFLAGS) $(INCLUDES) $< -o $@

lis: $(LISGOAL).o
	$(CC) $(CFLAGS) $? $(LIBS) -o $(LISGOAL)

lis_clean: clean
	rm -f $(LISFILE).rlis $(LISGOAL).o $(LISGOAL).c *.i
